2025-04-11 23:01:05.694 [main] INFO  self.dsa.core.CoreApplication - Starting CoreApplication using Java 21.0.6 with PID 90519 (/workspaces/sandbox/bootapp2025apr/target/classes started by codespace in /workspaces/sandbox/bootapp2025apr)
2025-04-11 23:01:05.696 [main] DEBUG self.dsa.core.CoreApplication - Running with Spring Boot v3.5.0-SNAPSHOT, Spring v6.2.6-SNAPSHOT
2025-04-11 23:01:05.697 [main] INFO  self.dsa.core.CoreApplication - No active profile set, falling back to 1 default profile: "default"
2025-04-11 23:01:08.798 [main] INFO  self.dsa.core.CoreApplication - Started CoreApplication in 3.443 seconds (process running for 3.815)
2025-04-11 23:02:25.781 [http-nio-6877-exec-1] DEBUG s.d.c.p.controller.PartyController - ++++++ inmethod ++++++createParty
2025-04-11 23:02:25.783 [http-nio-6877-exec-1] DEBUG s.d.c.p.controller.PartyController - from request body --- Party(id=null, reference=refDiA, externalReference=extRefDiA, type=INDIVIDUAL, name=Dipti Aswal, firstName=Dipti, lastName=Aswal, status=null, openingDate=null, closingDate=null)
2025-04-11 23:04:21.187 [http-nio-6877-exec-3] DEBUG s.d.c.p.controller.PartyController - ++++++ inmethod ++++++createParty
2025-04-11 23:04:21.187 [http-nio-6877-exec-3] DEBUG s.d.c.p.controller.PartyController - from request body --- Party(id=null, reference=cba47c84-0437-49b6-a089-7c13e7930a14, externalReference=Exte4d684e9-70a8-42a6-a36e-067999dc74bc, type=INDIVIDUAL, name=Kenneth Toy, firstName=Dario, lastName=Moore, status=null, openingDate=null, closingDate=null)
2025-04-11 23:04:42.268 [http-nio-6877-exec-4] DEBUG s.d.c.p.controller.PartyController - ++++++ inmethod ++++++createParty
2025-04-11 23:04:42.268 [http-nio-6877-exec-4] DEBUG s.d.c.p.controller.PartyController - from request body --- Party(id=null, reference=0572a726-9401-4d28-9c31-082a015e674e, externalReference=EXT-00740a24-716c-49b8-b29c-914def9f673b, type=INDIVIDUAL, name=Jonathan Kozey Sr., firstName=Emilio, lastName=Heller, status=null, openingDate=null, closingDate=null)
2025-04-11 23:04:43.876 [http-nio-6877-exec-5] DEBUG s.d.c.p.controller.PartyController - ++++++ inmethod ++++++createParty
2025-04-11 23:04:43.876 [http-nio-6877-exec-5] DEBUG s.d.c.p.controller.PartyController - from request body --- Party(id=null, reference=7966c158-771b-4c70-8f82-018b58e081b8, externalReference=EXT-508c9be7-18cc-41f5-ae1a-31a65b616992, type=INDIVIDUAL, name=Winifred Mills, firstName=Eulah, lastName=Schmidt, status=null, openingDate=null, closingDate=null)
2025-04-11 23:04:45.137 [http-nio-6877-exec-6] DEBUG s.d.c.p.controller.PartyController - ++++++ inmethod ++++++createParty
2025-04-11 23:04:45.137 [http-nio-6877-exec-6] DEBUG s.d.c.p.controller.PartyController - from request body --- Party(id=null, reference=d99eeba1-9792-4762-aa54-0eabe23c48c9, externalReference=EXT-149f8162-879a-48bc-806c-857394e6fce1, type=INDIVIDUAL, name=Moses Hammes, firstName=Samir, lastName=Yost, status=null, openingDate=null, closingDate=null)
2025-04-11 23:04:46.162 [http-nio-6877-exec-7] DEBUG s.d.c.p.controller.PartyController - ++++++ inmethod ++++++createParty
2025-04-11 23:04:46.162 [http-nio-6877-exec-7] DEBUG s.d.c.p.controller.PartyController - from request body --- Party(id=null, reference=ef416b7b-8983-4a85-b81d-d7f3689cc596, externalReference=EXT-387b61c5-06bc-4343-85b8-f841d2e44fa0, type=INDIVIDUAL, name=Dr. Kenny Okuneva, firstName=Landen, lastName=Champlin, status=null, openingDate=null, closingDate=null)
2025-04-11 23:04:47.369 [http-nio-6877-exec-8] DEBUG s.d.c.p.controller.PartyController - ++++++ inmethod ++++++createParty
2025-04-11 23:04:47.369 [http-nio-6877-exec-8] DEBUG s.d.c.p.controller.PartyController - from request body --- Party(id=null, reference=bea73aab-80f1-42f8-b1bc-0d43ae44c4d7, externalReference=EXT-682e25c5-291c-4bf5-b210-9e615b46e214, type=INDIVIDUAL, name=Essie Erdman, firstName=Seamus, lastName=Schaden, status=null, openingDate=null, closingDate=null)
2025-04-11 23:04:48.569 [http-nio-6877-exec-9] DEBUG s.d.c.p.controller.PartyController - ++++++ inmethod ++++++createParty
2025-04-11 23:04:48.570 [http-nio-6877-exec-9] DEBUG s.d.c.p.controller.PartyController - from request body --- Party(id=null, reference=f6fb9df9-369a-4b96-8a5d-3d9db37f9f65, externalReference=EXT-7f5fdedd-0bec-4c2d-9254-a7bcb17ac2cc, type=INDIVIDUAL, name=Gina Trantow, firstName=Vida, lastName=Hammes, status=null, openingDate=null, closingDate=null)
2025-04-11 23:04:52.601 [http-nio-6877-exec-10] INFO  s.d.c.p.controller.PartyController - ++++++ inmethod ++++++ getParties
2025-04-11 23:53:23.531 [main] INFO  self.dsa.core.CoreApplication - Starting CoreApplication using Java 21.0.6 with PID 114061 (/workspaces/sandbox/bootapp2025apr/target/classes started by codespace in /workspaces/sandbox/bootapp2025apr)
2025-04-11 23:53:23.532 [main] DEBUG self.dsa.core.CoreApplication - Running with Spring Boot v3.5.0-SNAPSHOT, Spring v6.2.6-SNAPSHOT
2025-04-11 23:53:23.533 [main] INFO  self.dsa.core.CoreApplication - No active profile set, falling back to 1 default profile: "default"
2025-04-11 23:53:27.041 [main] INFO  self.dsa.core.CoreApplication - Started CoreApplication in 3.891 seconds (process running for 4.412)
2025-04-11 23:55:47.816 [main] INFO  self.dsa.core.CoreApplication - Starting CoreApplication using Java 21.0.6 with PID 115262 (/workspaces/sandbox/bootapp2025apr/target/classes started by codespace in /workspaces/sandbox/bootapp2025apr)
2025-04-11 23:55:47.817 [main] DEBUG self.dsa.core.CoreApplication - Running with Spring Boot v3.5.0-SNAPSHOT, Spring v6.2.6-SNAPSHOT
2025-04-11 23:55:47.818 [main] INFO  self.dsa.core.CoreApplication - No active profile set, falling back to 1 default profile: "default"
2025-04-11 23:55:51.288 [main] INFO  self.dsa.core.CoreApplication - Started CoreApplication in 3.851 seconds (process running for 4.244)
2025-04-11 23:57:00.825 [http-nio-6877-exec-1] INFO  s.d.c.p.controller.PartyController - ++++++ inmethod ++++++ getParties
2025-04-12 00:05:31.696 [main] INFO  self.dsa.core.CoreApplication - Starting CoreApplication using Java 21.0.6 with PID 119609 (/workspaces/sandbox/bootapp2025apr/target/classes started by codespace in /workspaces/sandbox/bootapp2025apr)
2025-04-12 00:05:31.697 [main] DEBUG self.dsa.core.CoreApplication - Running with Spring Boot v3.5.0-SNAPSHOT, Spring v6.2.6-SNAPSHOT
2025-04-12 00:05:31.699 [main] INFO  self.dsa.core.CoreApplication - No active profile set, falling back to 1 default profile: "default"
2025-04-12 00:05:35.397 [main] INFO  self.dsa.core.CoreApplication - Started CoreApplication in 4.102 seconds (process running for 4.525)
2025-04-12 00:30:24.987 [main] INFO  self.dsa.core.CoreApplication - Starting CoreApplication using Java 21.0.6 with PID 130470 (/workspaces/sandbox/bootapp2025apr/target/classes started by codespace in /workspaces/sandbox/bootapp2025apr)
2025-04-12 00:30:24.988 [main] DEBUG self.dsa.core.CoreApplication - Running with Spring Boot v3.5.0-SNAPSHOT, Spring v6.2.6-SNAPSHOT
2025-04-12 00:30:24.990 [main] INFO  self.dsa.core.CoreApplication - No active profile set, falling back to 1 default profile: "default"
2025-04-12 00:30:28.368 [main] INFO  self.dsa.core.CoreApplication - Started CoreApplication in 3.728 seconds (process running for 4.402)
2025-04-12 00:30:49.357 [http-nio-6877-exec-1] DEBUG s.d.c.p.controller.PartyController - ++++++ inmethod ++++++createParty
2025-04-12 00:30:49.359 [http-nio-6877-exec-1] DEBUG s.d.c.p.controller.PartyController - from request body --- Party(id=null, reference=3bf48285-04fa-46d2-bfaa-90fcb5a589f5, externalReference=EXT-3ec16e76-fb9b-49fa-a838-cbe1937fc383, type=INDIVIDUAL, name=Angela Pollich, firstName=Faye, lastName=Abshire, status=null, openingDate=null, closingDate=null)
2025-04-12 00:39:17.692 [main] INFO  self.dsa.core.CoreApplication - Starting CoreApplication using Java 21.0.6 with PID 134354 (/workspaces/sandbox/bootapp2025apr/target/classes started by codespace in /workspaces/sandbox/bootapp2025apr)
2025-04-12 00:39:17.693 [main] DEBUG self.dsa.core.CoreApplication - Running with Spring Boot v3.5.0-SNAPSHOT, Spring v6.2.6-SNAPSHOT
2025-04-12 00:39:17.694 [main] INFO  self.dsa.core.CoreApplication - No active profile set, falling back to 1 default profile: "default"
2025-04-12 00:39:21.140 [main] INFO  self.dsa.core.CoreApplication - Started CoreApplication in 3.838 seconds (process running for 4.577)
2025-04-12 00:39:48.515 [http-nio-6877-exec-3] DEBUG s.d.c.p.controller.PartyController - ++++++ inmethod ++++++createParty
2025-04-12 00:39:48.517 [http-nio-6877-exec-3] DEBUG s.d.c.p.controller.PartyController - from request body --- Party(id=null, reference=7348196d-18fa-4c06-9f2e-110da119bef9, externalReference=EXT-060d4ad1-176e-42d3-8c41-49de0c174031, type=INDIVIDUAL, name=Lisa Kautzer, firstName=Magali, lastName=Skiles, status=null, openingDate=null, closingDate=null)
2025-04-12 00:41:40.678 [http-nio-6877-exec-1] INFO  s.d.c.p.controller.PartyController - ++++++ inmethod ++++++ getParties
2025-04-12 00:42:47.352 [main] INFO  self.dsa.core.CoreApplication - Starting CoreApplication using Java 21.0.6 with PID 136172 (/workspaces/sandbox/bootapp2025apr/target/classes started by codespace in /workspaces/sandbox/bootapp2025apr)
2025-04-12 00:42:47.353 [main] DEBUG self.dsa.core.CoreApplication - Running with Spring Boot v3.5.0-SNAPSHOT, Spring v6.2.6-SNAPSHOT
2025-04-12 00:42:47.354 [main] INFO  self.dsa.core.CoreApplication - No active profile set, falling back to 1 default profile: "default"
2025-04-12 00:42:50.706 [main] INFO  self.dsa.core.CoreApplication - Started CoreApplication in 3.687 seconds (process running for 4.095)
2025-04-12 00:43:02.575 [http-nio-6877-exec-1] INFO  s.d.c.p.controller.PartyController - ++++++ inmethod ++++++ getParties
2025-04-12 00:43:12.979 [http-nio-6877-exec-2] DEBUG s.d.c.p.controller.PartyController - ++++++ inmethod ++++++createParty
2025-04-12 00:43:12.983 [http-nio-6877-exec-2] DEBUG s.d.c.p.controller.PartyController - from request body --- Party(id=null, reference=541e5409-967b-4d0b-8aed-823c84c49d35, externalReference=EXT-94cf072c-fbcd-4091-a7be-36e03e6936bf, type=INDIVIDUAL, name=Megan Rice, firstName=Rashad, lastName=Hahn, status=null, openingDate=null, closingDate=null)
